<?xml version="1.0" encoding="UTF-8"?>
<testng-results ignored="0" total="1" passed="1" failed="0" skipped="0">
  <reporter-output>
  </reporter-output>
  <suite started-at="2020-10-20T19:19:33Z" name="Surefire suite" finished-at="2020-10-20T19:19:33Z" duration-ms="76">
    <groups>
    </groups>
    <test started-at="2020-10-20T19:19:33Z" name="Surefire test" finished-at="2020-10-20T19:19:33Z" duration-ms="76">
      <class name="SDET.AutomationPractice.AppTest">
        <test-method signature="shouldAnswerWithTrue()" started-at="2020-10-20T19:19:33Z" name="shouldAnswerWithTrue" finished-at="2020-10-20T19:19:33Z" duration-ms="7" status="PASS">
          <reporter-output>
          </reporter-output>
        </test-method> <!-- shouldAnswerWithTrue -->
      </class> <!-- SDET.AutomationPractice.AppTest -->
    </test> <!-- Surefire test -->
  </suite> <!-- Surefire suite -->
</testng-results>
