<?xml version="1.0" encoding="UTF-8"?>
<!-- Generated by org.testng.reporters.JUnitXMLReporter -->
<testsuite ignored="2" hostname="LAPTOP-3R2I0TEE" failures="1" tests="1" name="Surefire test" time="13.78" errors="0" timestamp="20 Oct 2020 19:19:33 GMT">
  <testcase classname="SDET.AutomationPractice.MainTest" name="loadURL" time="0.0">
    <failure type="org.testng.TestNGException" message="
Method public void SDET.AutomationPractice.MainTest.loadURL() requires a @DataProvider named : Sheet1 in class SDET.AutomationPractice.DataProvider">
      <![CDATA[org.testng.TestNGException: 
Method public void SDET.AutomationPractice.MainTest.loadURL() requires a @DataProvider named : Sheet1 in class SDET.AutomationPractice.DataProvider
... Removed 27 stack frames]]>
    </failure>
  </testcase> <!-- loadURL -->
  <testcase classname="SDET.AutomationPractice.BaseTest" name="@AfterTest Close" time="0.0">
    <ignored/>
  </testcase> <!-- @AfterTest Close -->
  <testcase classname="SDET.AutomationPractice.BaseTest" name="@BeforeTest initial" time="0.0">
    <ignored/>
  </testcase> <!-- @BeforeTest initial -->
</testsuite> <!-- Surefire test -->
